JMX enabled by default
Using config: /home/cc/works/week1/zk1208/bin/../conf/zoo2.cfg
Starting zookeeper ... 
STARTED
2025-11-04 12:11:49,192 - INFO  [main:QuorumPeerConfig@90] - Reading configuration from: /home/cc/works/week1/zk1208/bin/../conf/zoo2.cfg
2025-11-04 12:11:49,194 - INFO  [main:QuorumPeerConfig@310] - Defaulting to majority quorums
2025-11-04 12:11:49,200 - INFO  [main:QuorumPeerMain@119] - Starting quorum peer
2025-11-04 12:11:49,209 - INFO  [main:NIOServerCnxn$Factory@143] - binding to port 0.0.0.0/0.0.0.0:2182
2025-11-04 12:11:49,215 - INFO  [main:QuorumPeer@819] - tickTime set to 2000
2025-11-04 12:11:49,215 - INFO  [main:QuorumPeer@830] - minSessionTimeout set to -1
2025-11-04 12:11:49,215 - INFO  [main:QuorumPeer@841] - maxSessionTimeout set to -1
2025-11-04 12:11:49,215 - INFO  [main:QuorumPeer@856] - initLimit set to 5
2025-11-04 12:11:49,223 - INFO  [main:FileSnap@82] - Reading snapshot /home/cc/works/week1/zk1208/zkdata2/version-2/snapshot.100000001e
2025-11-04 12:11:49,234 - INFO  [Thread-1:QuorumCnxManager$Listener@473] - My election bind port: 3889
2025-11-04 12:11:49,243 - INFO  [QuorumPeer:/0:0:0:0:0:0:0:0:2182:QuorumPeer@621] - LOOKING
2025-11-04 12:11:49,245 - INFO  [QuorumPeer:/0:0:0:0:0:0:0:0:2182:FastLeaderElection@663] - New election. My id =  2, Proposed zxid = 73014444063
2025-11-04 12:11:49,250 - INFO  [WorkerReceiver Thread:FastLeaderElection@496] - Notification: 2 (n.leader), 73014444063 (n.zxid), 1 (n.round), LOOKING (n.state), 2 (n.sid), LOOKING (my state)
2025-11-04 12:11:49,251 - INFO  [WorkerReceiver Thread:FastLeaderElection@496] - Notification: 1 (n.leader), 73014444063 (n.zxid), 1 (n.round), LOOKING (n.state), 1 (n.sid), LOOKING (my state)
2025-11-04 12:11:49,252 - WARN  [WorkerSender Thread:QuorumCnxManager@384] - Cannot open channel to 3 at election address /127.0.0.1:3890
java.net.ConnectException: Connection refused
	at sun.nio.ch.SocketChannelImpl.checkConnect(Native Method)
	at sun.nio.ch.SocketChannelImpl.finishConnect(SocketChannelImpl.java:716)
	at sun.nio.ch.SocketAdaptor.connect(SocketAdaptor.java:122)
	at org.apache.zookeeper.server.quorum.QuorumCnxManager.connectOne(QuorumCnxManager.java:371)
	at org.apache.zookeeper.server.quorum.QuorumCnxManager.toSend(QuorumCnxManager.java:340)
	at org.apache.zookeeper.server.quorum.FastLeaderElection$Messenger$WorkerSender.process(FastLeaderElection.java:360)
	at org.apache.zookeeper.server.quorum.FastLeaderElection$Messenger$WorkerSender.run(FastLeaderElection.java:333)
	at java.lang.Thread.run(Thread.java:750)
2025-11-04 12:11:49,252 - INFO  [WorkerReceiver Thread:FastLeaderElection@496] - Notification: 2 (n.leader), 73014444063 (n.zxid), 1 (n.round), LOOKING (n.state), 1 (n.sid), LOOKING (my state)
2025-11-04 12:11:49,291 - INFO  [WorkerReceiver Thread:FastLeaderElection@496] - Notification: 3 (n.leader), 73014444063 (n.zxid), 1 (n.round), LOOKING (n.state), 3 (n.sid), LOOKING (my state)
2025-11-04 12:11:49,292 - INFO  [QuorumPeer:/0:0:0:0:0:0:0:0:2182:FastLeaderElection@721] - Updating proposal
2025-11-04 12:11:49,292 - INFO  [WorkerReceiver Thread:FastLeaderElection@496] - Notification: 3 (n.leader), 73014444063 (n.zxid), 1 (n.round), LOOKING (n.state), 1 (n.sid), LOOKING (my state)
2025-11-04 12:11:49,293 - INFO  [WorkerReceiver Thread:FastLeaderElection@496] - Notification: 3 (n.leader), 73014444063 (n.zxid), 1 (n.round), LOOKING (n.state), 2 (n.sid), FOLLOWING (my state)
2025-11-04 12:11:49,293 - INFO  [QuorumPeer:/0:0:0:0:0:0:0:0:2182:QuorumPeer@643] - FOLLOWING
2025-11-04 12:11:49,293 - INFO  [WorkerReceiver Thread:FastLeaderElection@496] - Notification: 3 (n.leader), 73014444063 (n.zxid), 1 (n.round), FOLLOWING (n.state), 2 (n.sid), FOLLOWING (my state)
2025-11-04 12:11:49,294 - INFO  [WorkerReceiver Thread:FastLeaderElection@496] - Notification: 3 (n.leader), 73014444063 (n.zxid), 1 (n.round), FOLLOWING (n.state), 1 (n.sid), FOLLOWING (my state)
2025-11-04 12:11:49,295 - INFO  [WorkerReceiver Thread:FastLeaderElection@496] - Notification: 3 (n.leader), 73014444063 (n.zxid), 1 (n.round), LEADING (n.state), 3 (n.sid), FOLLOWING (my state)
2025-11-04 12:11:49,299 - INFO  [QuorumPeer:/0:0:0:0:0:0:0:0:2182:Learner@80] - TCP NoDelay set to: true
2025-11-04 12:11:49,308 - INFO  [QuorumPeer:/0:0:0:0:0:0:0:0:2182:Environment@97] - Server environment:zookeeper.version=3.3.3--1, built on 11/04/2025 12:11 GMT
2025-11-04 12:11:49,308 - INFO  [QuorumPeer:/0:0:0:0:0:0:0:0:2182:Environment@97] - Server environment:host.name=nazhiif
2025-11-04 12:11:49,309 - INFO  [QuorumPeer:/0:0:0:0:0:0:0:0:2182:Environment@97] - Server environment:java.version=1.8.0_452
2025-11-04 12:11:49,309 - INFO  [QuorumPeer:/0:0:0:0:0:0:0:0:2182:Environment@97] - Server environment:java.vendor=Private Build
2025-11-04 12:11:49,309 - INFO  [QuorumPeer:/0:0:0:0:0:0:0:0:2182:Environment@97] - Server environment:java.home=/usr/lib/jvm/java-8-openjdk-amd64/jre
2025-11-04 12:11:49,309 - INFO  [QuorumPeer:/0:0:0:0:0:0:0:0:2182:Environment@97] - Server environment:java.class.path=/home/cc/works/week1/zk1208/bin/../build/classes:/home/cc/works/week1/zk1208/bin/../build/lib/log4j-1.2.15.jar:/home/cc/works/week1/zk1208/bin/../build/lib/jline-0.9.94.jar:/home/cc/works/week1/zk1208/bin/../zookeeper-*.jar:/home/cc/works/week1/zk1208/bin/../lib/*.jar:/home/cc/works/week1/zk1208/bin/../src/java/lib/ivy-2.1.0.jar:/home/cc/works/week1/zk1208/bin/../conf:
2025-11-04 12:11:49,309 - INFO  [QuorumPeer:/0:0:0:0:0:0:0:0:2182:Environment@97] - Server environment:java.library.path=/usr/java/packages/lib/amd64:/usr/lib/x86_64-linux-gnu/jni:/lib/x86_64-linux-gnu:/usr/lib/x86_64-linux-gnu:/usr/lib/jni:/lib:/usr/lib
2025-11-04 12:11:49,309 - INFO  [QuorumPeer:/0:0:0:0:0:0:0:0:2182:Environment@97] - Server environment:java.io.tmpdir=/tmp
2025-11-04 12:11:49,309 - INFO  [QuorumPeer:/0:0:0:0:0:0:0:0:2182:Environment@97] - Server environment:java.compiler=<NA>
2025-11-04 12:11:49,310 - INFO  [QuorumPeer:/0:0:0:0:0:0:0:0:2182:Environment@97] - Server environment:os.name=Linux
2025-11-04 12:11:49,310 - INFO  [QuorumPeer:/0:0:0:0:0:0:0:0:2182:Environment@97] - Server environment:os.arch=amd64
2025-11-04 12:11:49,310 - INFO  [QuorumPeer:/0:0:0:0:0:0:0:0:2182:Environment@97] - Server environment:os.version=5.4.0-198-generic
2025-11-04 12:11:49,310 - INFO  [QuorumPeer:/0:0:0:0:0:0:0:0:2182:Environment@97] - Server environment:user.name=cc
2025-11-04 12:11:49,310 - INFO  [QuorumPeer:/0:0:0:0:0:0:0:0:2182:Environment@97] - Server environment:user.home=/home/cc
2025-11-04 12:11:49,310 - INFO  [QuorumPeer:/0:0:0:0:0:0:0:0:2182:Environment@97] - Server environment:user.dir=/home/cc/works/week1/zk1208
2025-11-04 12:11:49,311 - INFO  [QuorumPeer:/0:0:0:0:0:0:0:0:2182:ZooKeeperServer@151] - Created server with tickTime 2000 minSessionTimeout 4000 maxSessionTimeout 40000 datadir /home/cc/works/week1/zk1208/zkdata2/version-2 snapdir /home/cc/works/week1/zk1208/zkdata2/version-2
2025-11-04 12:11:49,339 - INFO  [QuorumPeer:/0:0:0:0:0:0:0:0:2182:Learner@294] - Getting a snapshot from leader
2025-11-04 12:11:49,340 - INFO  [QuorumPeer:/0:0:0:0:0:0:0:0:2182:Learner@325] - Setting leader epoch 12
2025-11-04 12:11:49,341 - INFO  [QuorumPeer:/0:0:0:0:0:0:0:0:2182:FileTxnSnapLog@208] - Snapshotting: 110000001f
2025-11-04 12:12:06,110 - WARN  [QuorumPeer:/0:0:0:0:0:0:0:0:2182:Follower@116] - Got zxid 0x1200000001 expected 0x1
2025-11-04 12:12:06,111 - INFO  [SyncThread:2:FileTxnLog@197] - Creating new log file: log.1200000001
2025-11-04 12:31:37,422 - INFO  [NIOServerCxn.Factory:0.0.0.0/0.0.0.0:2182:NIOServerCnxn$Factory@251] - Accepted socket connection from /127.0.0.1:45106
2025-11-04 12:31:37,425 - INFO  [NIOServerCxn.Factory:0.0.0.0/0.0.0.0:2182:NIOServerCnxn@1237] - Processing stat command from /127.0.0.1:45106
2025-11-04 12:31:37,428 - INFO  [Thread-6:NIOServerCnxn$StatCommand@1153] - Stat command output
2025-11-04 12:31:37,430 - INFO  [Thread-6:NIOServerCnxn@1435] - Closed socket connection for client /127.0.0.1:45106 (no session established for client)
2025-11-04 12:31:42,346 - WARN  [Thread-3:QuorumCnxManager$RecvWorker@727] - Connection broken for id 1, my id = 2, error = java.io.IOException: Channel eof
2025-11-04 12:31:42,346 - WARN  [Thread-3:QuorumCnxManager$RecvWorker@730] - Interrupting SendWorker
2025-11-04 12:31:42,347 - WARN  [Thread-2:QuorumCnxManager$SendWorker@633] - Interrupted while waiting for message on queue
java.lang.InterruptedException
	at java.util.concurrent.locks.AbstractQueuedSynchronizer$ConditionObject.reportInterruptAfterWait(AbstractQueuedSynchronizer.java:2014)
	at java.util.concurrent.locks.AbstractQueuedSynchronizer$ConditionObject.awaitNanos(AbstractQueuedSynchronizer.java:2088)
	at java.util.concurrent.ArrayBlockingQueue.poll(ArrayBlockingQueue.java:418)
	at org.apache.zookeeper.server.quorum.QuorumCnxManager$SendWorker.run(QuorumCnxManager.java:622)
2025-11-04 12:31:42,348 - WARN  [Thread-2:QuorumCnxManager$SendWorker@642] - Send worker leaving thread
